<?xml version="1.0" encoding="UTF-8"?>
<!-- Generated by org.testng.reporters.JUnitReportReporter -->
<testsuite skipped="0" hostname="admin-PC" name="org.shiksha.fleet.feature.routesAddRouteTestCases" tests="16" failures="0" timestamp="03 Jun 2017 09:30:26 GMT" time="158.167" errors="0">
  <testcase name="verifyAddRoutePageDetails" time="5.416" classname="org.shiksha.fleet.feature.routesAddRouteTestCases"/>
  <testcase name="verifyAllFieldEmpty" time="8.402" classname="org.shiksha.fleet.feature.routesAddRouteTestCases"/>
  <testcase name="typeRouteNameClickPreviewButton" time="8.432" classname="org.shiksha.fleet.feature.routesAddRouteTestCases"/>
  <testcase name="typeRouteNameCharacterClickPreviewButton" time="8.349" classname="org.shiksha.fleet.feature.routesAddRouteTestCases"/>
  <testcase name="typeRouteNameNumericClickPreviewButton" time="8.378" classname="org.shiksha.fleet.feature.routesAddRouteTestCases"/>
  <testcase name="typeRouteNameSpecialClickPreviewButton" time="8.419" classname="org.shiksha.fleet.feature.routesAddRouteTestCases"/>
  <testcase name="typeRouteSelectDropDownClickPreview" time="8.865" classname="org.shiksha.fleet.feature.routesAddRouteTestCases"/>
  <testcase name="typeRouteSelectDestinationDropDownClickPreview" time="11.353" classname="org.shiksha.fleet.feature.routesAddRouteTestCases"/>
  <testcase name="typeRouteNameSourceDropDownAndClickPreview" time="9.777" classname="org.shiksha.fleet.feature.routesAddRouteTestCases"/>
  <testcase name="VerifyOneStopAlertMessage" time="9.185" classname="org.shiksha.fleet.feature.routesAddRouteTestCases"/>
  <testcase name="verifyStoppageButton" time="9.671" classname="org.shiksha.fleet.feature.routesAddRouteTestCases"/>
  <testcase name="verifySourceStoppageSameAlertMessage" time="11.705" classname="org.shiksha.fleet.feature.routesAddRouteTestCases"/>
  <testcase name="verifyDestinationStoppageSameAlertMessage" time="11.976" classname="org.shiksha.fleet.feature.routesAddRouteTestCases"/>
  <testcase name="verifyMapAndTakeScreenshot" time="12.953" classname="org.shiksha.fleet.feature.routesAddRouteTestCases"/>
  <testcase name="verifyStoppageDeleteIconClick" time="4.285" classname="org.shiksha.fleet.feature.routesAddRouteTestCases"/>
  <testcase name="verifyAddRoutePageE2E" time="21.001" classname="org.shiksha.fleet.feature.routesAddRouteTestCases"/>
</testsuite> <!-- org.shiksha.fleet.feature.routesAddRouteTestCases -->
