<?xml version="1.0" encoding="UTF-8"?>
<!-- Generated by org.testng.reporters.JUnitReportReporter -->
<testsuite skipped="1" hostname="admin-PC" name="org.shiksha.fleet.feature.loginPageTestCaseScript" tests="19" failures="0" timestamp="03 Jun 2017 09:30:26 GMT" time="45.410" errors="0">
  <testcase name="validUserNameAndInvalidPass" time="5.817" classname="org.shiksha.fleet.feature.loginPageTestCaseScript"/>
  <testcase name="invalidUserNameAndValidPass" time="1.772" classname="org.shiksha.fleet.feature.loginPageTestCaseScript"/>
  <testcase name="validUserNameAndEmptyPass" time="0.686" classname="org.shiksha.fleet.feature.loginPageTestCaseScript"/>
  <testcase name="emptyUserNameAndValidPass" time="0.508" classname="org.shiksha.fleet.feature.loginPageTestCaseScript"/>
  <testcase name="wrongUserNameAndWrongPass" time="1.982" classname="org.shiksha.fleet.feature.loginPageTestCaseScript"/>
  <testcase name="emptyUserNameAndEmptyPass" time="0.853" classname="org.shiksha.fleet.feature.loginPageTestCaseScript"/>
  <testcase name="clickForgotLink" time="1.138" classname="org.shiksha.fleet.feature.loginPageTestCaseScript"/>
  <testcase name="provideUserDigitbutNotMobileNumber" time="2.697" classname="org.shiksha.fleet.feature.loginPageTestCaseScript"/>
  <testcase name="provideEmailInUserNamebutNotMobileNumber" time="2.472" classname="org.shiksha.fleet.feature.loginPageTestCaseScript"/>
  <testcase name="provideNumericInUserNamebutNotMobileNumber" time="2.517" classname="org.shiksha.fleet.feature.loginPageTestCaseScript"/>
  <testcase name="provideCorrectUserNamebutNotMobileNumber" time="2.506" classname="org.shiksha.fleet.feature.loginPageTestCaseScript"/>
  <testcase name="provideCorrectUserNameAndWrongMobileNumnber" time="3.309" classname="org.shiksha.fleet.feature.loginPageTestCaseScript"/>
  <testcase name="provideEmptyUserNameAndCorrectMobileNumber" time="2.850" classname="org.shiksha.fleet.feature.loginPageTestCaseScript"/>
  <testcase name="provideWrongUserNameAndWrongMobileNumber" time="3.837" classname="org.shiksha.fleet.feature.loginPageTestCaseScript"/>
  <testcase name="provideEmptyUserNameAndEmptyMobileNumber" time="2.410" classname="org.shiksha.fleet.feature.loginPageTestCaseScript"/>
  <testcase name="clearUserNameAndPassword" time="1.879" classname="org.shiksha.fleet.feature.loginPageTestCaseScript"/>
  <testcase name="CloseForgot" time="1.739" classname="org.shiksha.fleet.feature.loginPageTestCaseScript"/>
  <testcase name="validUserNameAndValidPass" time="6.438" classname="org.shiksha.fleet.feature.loginPageTestCaseScript"/>
  <testcase name="provideCorrectUserNameAndCorrectMobileNumber" classname="org.shiksha.fleet.feature.loginPageTestCaseScript">
    <skipped/>
  </testcase> <!-- provideCorrectUserNameAndCorrectMobileNumber -->
</testsuite> <!-- org.shiksha.fleet.feature.loginPageTestCaseScript -->
