<?xml version="1.0" encoding="UTF-8"?>
<!-- Generated by org.testng.reporters.JUnitReportReporter -->
<testsuite skipped="1" hostname="admin-PC" name="org.shiksha.fleet.feature.loginPageTestCaseScript" tests="19" failures="0" timestamp="24 May 2017 07:38:54 GMT" time="15.983" errors="0">
  <testcase name="validUserNameAndInvalidPass" time="1.923" classname="org.shiksha.fleet.feature.loginPageTestCaseScript"/>
  <testcase name="invalidUserNameAndValidPass" time="1.429" classname="org.shiksha.fleet.feature.loginPageTestCaseScript"/>
  <testcase name="validUserNameAndEmptyPass" time="0.362" classname="org.shiksha.fleet.feature.loginPageTestCaseScript"/>
  <testcase name="emptyUserNameAndValidPass" time="0.258" classname="org.shiksha.fleet.feature.loginPageTestCaseScript"/>
  <testcase name="wrongUserNameAndWrongPass" time="1.509" classname="org.shiksha.fleet.feature.loginPageTestCaseScript"/>
  <testcase name="emptyUserNameAndEmptyPass" time="0.421" classname="org.shiksha.fleet.feature.loginPageTestCaseScript"/>
  <testcase name="clickForgotLink" time="0.119" classname="org.shiksha.fleet.feature.loginPageTestCaseScript"/>
  <testcase name="provideUserDigitbutNotMobileNumber" time="1.095" classname="org.shiksha.fleet.feature.loginPageTestCaseScript"/>
  <testcase name="provideEmailInUserNamebutNotMobileNumber" time="0.368" classname="org.shiksha.fleet.feature.loginPageTestCaseScript"/>
  <testcase name="provideNumericInUserNamebutNotMobileNumber" time="0.284" classname="org.shiksha.fleet.feature.loginPageTestCaseScript"/>
  <testcase name="provideCorrectUserNamebutNotMobileNumber" time="0.350" classname="org.shiksha.fleet.feature.loginPageTestCaseScript"/>
  <testcase name="provideCorrectUserNameAndWrongMobileNumnber" time="0.898" classname="org.shiksha.fleet.feature.loginPageTestCaseScript"/>
  <testcase name="provideEmptyUserNameAndCorrectMobileNumber" time="0.385" classname="org.shiksha.fleet.feature.loginPageTestCaseScript"/>
  <testcase name="provideWrongUserNameAndWrongMobileNumber" time="0.905" classname="org.shiksha.fleet.feature.loginPageTestCaseScript"/>
  <testcase name="provideEmptyUserNameAndEmptyMobileNumber" time="0.350" classname="org.shiksha.fleet.feature.loginPageTestCaseScript"/>
  <testcase name="clearUserNameAndPassword" time="0.213" classname="org.shiksha.fleet.feature.loginPageTestCaseScript"/>
  <testcase name="CloseForgot" time="0.106" classname="org.shiksha.fleet.feature.loginPageTestCaseScript"/>
  <testcase name="validUserNameAndValidPass" time="5.008" classname="org.shiksha.fleet.feature.loginPageTestCaseScript"/>
  <testcase name="provideCorrectUserNameAndCorrectMobileNumber" classname="org.shiksha.fleet.feature.loginPageTestCaseScript">
    <skipped/>
  </testcase> <!-- provideCorrectUserNameAndCorrectMobileNumber -->
</testsuite> <!-- org.shiksha.fleet.feature.loginPageTestCaseScript -->
