<?xml version="1.0" encoding="UTF-8"?>
<!-- Generated by org.testng.reporters.JUnitReportReporter -->
<testsuite skipped="0" hostname="admin-PC" name="org.shiksha.fleet.feature.notificationPageTestCases" tests="1" failures="0" timestamp="03 Jun 2017 09:30:26 GMT" time="3.412" errors="0">
  <testcase name="verifyNotificationPageDetails" time="3.412" classname="org.shiksha.fleet.feature.notificationPageTestCases"/>
</testsuite> <!-- org.shiksha.fleet.feature.notificationPageTestCases -->
