<?xml version="1.0" encoding="UTF-8"?>
<!-- Generated by org.testng.reporters.JUnitReportReporter -->
<testsuite skipped="1" hostname="admin-PC" name="testcase.loginPageTestCaseScript" tests="19" failures="0" timestamp="20 May 2017 08:54:54 GMT" time="21.076" errors="0">
  <testcase name="validUserNameAndInvalidPass" time="2.107" classname="testcase.loginPageTestCaseScript"/>
  <testcase name="invalidUserNameAndValidPass" time="1.428" classname="testcase.loginPageTestCaseScript"/>
  <testcase name="validUserNameAndEmptyPass" time="0.388" classname="testcase.loginPageTestCaseScript"/>
  <testcase name="emptyUserNameAndValidPass" time="0.270" classname="testcase.loginPageTestCaseScript"/>
  <testcase name="wrongUserNameAndWrongPass" time="1.618" classname="testcase.loginPageTestCaseScript"/>
  <testcase name="emptyUserNameAndEmptyPass" time="0.393" classname="testcase.loginPageTestCaseScript"/>
  <testcase name="clickForgotLink" time="0.119" classname="testcase.loginPageTestCaseScript"/>
  <testcase name="provideUserDigitbutNotMobileNumber" time="1.155" classname="testcase.loginPageTestCaseScript"/>
  <testcase name="provideEmailInUserNamebutNotMobileNumber" time="0.396" classname="testcase.loginPageTestCaseScript"/>
  <testcase name="provideNumericInUserNamebutNotMobileNumber" time="0.361" classname="testcase.loginPageTestCaseScript"/>
  <testcase name="provideCorrectUserNamebutNotMobileNumber" time="0.318" classname="testcase.loginPageTestCaseScript"/>
  <testcase name="provideCorrectUserNameAndWrongMobileNumnber" time="0.920" classname="testcase.loginPageTestCaseScript"/>
  <testcase name="provideEmptyUserNameAndCorrectMobileNumber" time="0.365" classname="testcase.loginPageTestCaseScript"/>
  <testcase name="provideWrongUserNameAndWrongMobileNumber" time="0.859" classname="testcase.loginPageTestCaseScript"/>
  <testcase name="provideEmptyUserNameAndEmptyMobileNumber" time="0.324" classname="testcase.loginPageTestCaseScript"/>
  <testcase name="clearUserNameAndPassword" time="0.186" classname="testcase.loginPageTestCaseScript"/>
  <testcase name="CloseForgot" time="0.115" classname="testcase.loginPageTestCaseScript"/>
  <testcase name="validUserNameAndValidPass" time="9.754" classname="testcase.loginPageTestCaseScript"/>
  <testcase name="provideCorrectUserNameAndCorrectMobileNumber" classname="testcase.loginPageTestCaseScript">
    <skipped/>
  </testcase> <!-- provideCorrectUserNameAndCorrectMobileNumber -->
</testsuite> <!-- testcase.loginPageTestCaseScript -->
