<?xml version="1.0" encoding="UTF-8"?>
<!-- Generated by org.testng.reporters.JUnitReportReporter -->
<testsuite skipped="0" hostname="admin-PC" name="org.shiksha.fleet.feature.traceFleetTestCases" tests="2" failures="0" timestamp="03 Jun 2017 09:30:26 GMT" time="5.256" errors="0">
  <testcase name="checkTraceFleetPage" time="4.976" classname="org.shiksha.fleet.feature.traceFleetTestCases"/>
  <testcase name="checkFiledDetails" time="0.280" classname="org.shiksha.fleet.feature.traceFleetTestCases"/>
</testsuite> <!-- org.shiksha.fleet.feature.traceFleetTestCases -->
