<?xml version="1.0" encoding="UTF-8"?>
<!-- Generated by org.testng.reporters.JUnitReportReporter -->
<testsuite skipped="0" hostname="admin-PC" name="testcase.homePageTestCases" tests="7" failures="0" timestamp="20 May 2017 08:54:54 GMT" time="5.042" errors="0">
  <testcase name="verifySizeHomeDropDownMenu" time="1.618" classname="testcase.homePageTestCases"/>
  <testcase name="clickDashboard" time="1.261" classname="testcase.homePageTestCases"/>
  <testcase name="verifyTotalEmpReport" time="0.653" classname="testcase.homePageTestCases"/>
  <testcase name="verifyFemaleTotalEmpReport" time="0.156" classname="testcase.homePageTestCases"/>
  <testcase name="verifyBusReport" time="1.198" classname="testcase.homePageTestCases"/>
  <testcase name="verifyShiftSummeryReport" time="0.062" classname="testcase.homePageTestCases"/>
  <testcase name="verifyScheduleSummeryReport" time="0.094" classname="testcase.homePageTestCases"/>
</testsuite> <!-- testcase.homePageTestCases -->
