<?xml version="1.0" encoding="UTF-8"?>
<!-- Generated by org.testng.reporters.JUnitReportReporter -->
<testsuite skipped="0" hostname="admin-PC" name="Main.mainClass" tests="1" failures="0" timestamp="17 May 2017 08:32:00 GMT" time="23.825" errors="0">
  <testcase name="public_Static_Main" time="23.825" classname="Main.mainClass"/>
</testsuite> <!-- Main.mainClass -->
