<?xml version="1.0" encoding="UTF-8"?>
<!-- Generated by org.testng.reporters.JUnitReportReporter -->
<testsuite skipped="0" hostname="admin-PC" name="org.shiksha.fleet.feature.traceFleetTestCases" tests="2" failures="0" timestamp="24 May 2017 07:38:54 GMT" time="4.654" errors="0">
  <testcase name="checkTraceFleetPage" time="4.447" classname="org.shiksha.fleet.feature.traceFleetTestCases"/>
  <testcase name="checkFiledDetails" time="0.207" classname="org.shiksha.fleet.feature.traceFleetTestCases"/>
</testsuite> <!-- org.shiksha.fleet.feature.traceFleetTestCases -->
