<?xml version="1.0" encoding="UTF-8"?>
<!-- Generated by org.testng.reporters.JUnitReportReporter -->
<testsuite skipped="0" hostname="admin-PC" name="org.shiksha.fleet.feature.homePageTestCases" tests="7" failures="0" timestamp="24 May 2017 07:38:54 GMT" time="5.061" errors="0">
  <testcase name="verifySizeHomeDropDownMenu" time="1.593" classname="org.shiksha.fleet.feature.homePageTestCases"/>
  <testcase name="clickDashboard" time="1.235" classname="org.shiksha.fleet.feature.homePageTestCases"/>
  <testcase name="verifyTotalEmpReport" time="0.723" classname="org.shiksha.fleet.feature.homePageTestCases"/>
  <testcase name="verifyFemaleTotalEmpReport" time="0.152" classname="org.shiksha.fleet.feature.homePageTestCases"/>
  <testcase name="verifyBusReport" time="1.236" classname="org.shiksha.fleet.feature.homePageTestCases"/>
  <testcase name="verifyShiftSummeryReport" time="0.061" classname="org.shiksha.fleet.feature.homePageTestCases"/>
  <testcase name="verifyScheduleSummeryReport" time="0.061" classname="org.shiksha.fleet.feature.homePageTestCases"/>
</testsuite> <!-- org.shiksha.fleet.feature.homePageTestCases -->
